<?xml version="1.0" encoding="UTF-8"?>
<!-- Generated by org.testng.reporters.JUnitReportReporter -->
<testsuite hostname="EPINGUGW0259" failures="0" tests="7" name="tests.CalculatorDataProviderTests" time="0.014" errors="0" timestamp="2025-08-25T11:16:04 IST" skipped="0">
  <testcase classname="tests.CalculatorDataProviderTests" name="testAddDataDriven" time="0.001"/>
  <testcase classname="tests.CalculatorDataProviderTests" name="testAddDataDriven" time="0.003"/>
  <testcase classname="tests.CalculatorDataProviderTests" name="testDivideByZeroDataDriven" time="0.001"/>
  <testcase classname="tests.CalculatorDataProviderTests" name="testAddDataDriven" time="0.003"/>
  <testcase classname="tests.CalculatorDataProviderTests" name="testDivideByZeroDataDriven" time="0.001"/>
  <testcase classname="tests.CalculatorDataProviderTests" name="testAddDataDriven" time="0.003"/>
  <testcase classname="tests.CalculatorDataProviderTests" name="testAddDataDriven" time="0.002"/>
</testsuite> <!-- tests.CalculatorDataProviderTests -->
